  main.cpp
  vanimation.cc
  vanimationcurve.cc
  vabstractbutton.cc
  vblurlabel.cc
  vcanvas.cc
  vdragcontrolbase.cc
  vdropdown.cc
  veditor.cc
  vfakecaption.cc
  veditorhighlighter.cc
  viconbutton.cc
  vimagelabel.cc
  vlayout.cc
  vlineeditor.cc
  vpushbutton.cc
Z:\VuiLib\src\core\animation\vanimationcurve.cc(106): warning C4715: 'Core::VAnimationCurveFactory::GetCurve': not all control paths return a value
  vradiobutton.cc
  vscrollbar.cc
  vscroller.cc
  vswitchgroup.cc
  vtextlabel.cc
  vtitlebar.cc
  vviewlabel.cc
  vfmt.cpp
  vapplication.cc
  vuiobject.cc
  vbrush.cc
  vcolor.cc
  vdirectxfactory.cc
  vimage.cc
  vpainter.cc
  vpainterdevice.cc
  vrenderbasic.cc
  vwrite.cc
  vsignal.cc
  vstring.cpp
  vnativeicon.cc
  vsmarttimer.cc
  vtimer.cc
  vuiinterpolator.cc
  vuitheme.cc
  vbasiccore.cc
  veffect.cc
  vvisual.cc
  vmessage.cc
  vprivatewidget.cc
  vwidget.cc
  vdebug.cc
  seal.info.cc
  seal.lexical.cc
  seal.lexical.token.cc
  vallocator.cc
  vchainif.cc
  vcolorhelper.cc
  vparserhelper.cc
  vml.cpp
  vmlbuilder.cpp
  vmlparser.cpp
  vmlvariable.cpp
Z:\VuiLib\src\kits\seal.lexical.cc(267,26): warning C4244: 'initializing': conversion from 'wchar_t' to 'char', possible loss of data
  vmlwidget.cpp
  vssbuilder.cc
  vssparser.cc
  vwin32base.cc
Z:\VuiLib\src\win32base\vwin32base.cc(316,23): warning C4244: '=': conversion from 'WPARAM' to 'TCHAR', possible loss of data
Z:\VuiLib\src\win32base\vwin32base.cc(317,24): warning C4244: '=': conversion from 'WPARAM' to 'BYTE', possible loss of data
Z:\VuiLib\src\win32base\vwin32base.cc(336,24): warning C4244: '=': conversion from 'WPARAM' to 'BYTE', possible loss of data
Z:\VuiLib\src\win32base\vwin32base.cc(355,24): warning C4244: '=': conversion from 'WPARAM' to 'BYTE', possible loss of data
Z:\VuiLib\src\win32base\vwin32base.cc(396,30): warning C4244: '=': conversion from 'LONG' to 'short', possible loss of data
Z:\VuiLib\src\win32base\vwin32base.cc(397,30): warning C4244: '=': conversion from 'LONG' to 'short', possible loss of data
  vuilib.vcxproj -> Z:\VuiLib\x64\Debug\vuilib.lib
